[ 2026-02-10 22:19:27,588 ] 1025 httpx - INFO - HTTP Request: GET https://dagshub.com/api/v1/user "HTTP/1.1 200 OK"
[ 2026-02-10 22:19:27,597 ] 107 dagshub - INFO - Accessing as saksham-s18
[ 2026-02-10 22:19:29,665 ] 1025 httpx - INFO - HTTP Request: GET https://dagshub.com/api/v1/repos/saksham-s18/Network-Security-MlOps "HTTP/1.1 200 OK"
[ 2026-02-10 22:19:32,025 ] 1025 httpx - INFO - HTTP Request: GET https://dagshub.com/api/v1/user "HTTP/1.1 200 OK"
[ 2026-02-10 22:19:32,029 ] 107 dagshub - INFO - Initialized MLflow to track repo "saksham-s18/Network-Security-MlOps"
[ 2026-02-10 22:19:32,030 ] 107 dagshub - INFO - Repository saksham-s18/Network-Security-MlOps initialized!
[ 2026-02-10 22:21:12,790 ] 24 root - INFO - Start Daata Ingestion
[ 2026-02-10 22:21:35,269 ] 64 root - INFO - Performed train test split
[ 2026-02-10 22:21:35,269 ] 65 root - INFO - Train set length:17688
[ 2026-02-10 22:21:35,269 ] 66 root - INFO - Test set length:4422
[ 2026-02-10 22:21:35,270 ] 67 root - INFO - Exited split_data_as_train_test method of Data Ingestion class
[ 2026-02-10 22:21:35,476 ] 74 root - INFO - Exported train and test file at Artifacts\02_10_2026_22_19_16\data_ingestion\ingested\train.csv and Artifacts\02_10_2026_22_19_16\data_ingestion\ingested\test.csv
[ 2026-02-10 22:21:35,477 ] 27 root - INFO - Data Ingestion completed and Artifact: DataIngestionArtifact(trained_file_path='Artifacts\\02_10_2026_22_19_16\\data_ingestion\\ingested\\train.csv', test_file_path='Artifacts\\02_10_2026_22_19_16\\data_ingestion\\ingested\\test.csv')
[ 2026-02-10 22:21:35,519 ] 37 root - INFO - Initiate the data Validation
[ 2026-02-10 22:21:35,519 ] 108 root - INFO - Starting data validation
[ 2026-02-10 22:21:35,642 ] 38 root - INFO - Schema columns count: 31
[ 2026-02-10 22:21:35,642 ] 39 root - INFO - Dataframe columns count: 31
[ 2026-02-10 22:21:35,642 ] 38 root - INFO - Schema columns count: 31
[ 2026-02-10 22:21:35,643 ] 39 root - INFO - Dataframe columns count: 31
[ 2026-02-10 22:21:35,647 ] 66 root - INFO - Numerical columns in schema: ['having_ip_address', 'url_length', 'shortining_service', 'having_at_symbol', 'double_slash_redirecting', 'prefix_suffix', 'having_sub_domain', 'sslfinal_state', 'domain_registeration_length', 'favicon', 'port', 'https_token', 'request_url', 'url_of_anchor', 'links_in_tags', 'sfh', 'submitting_to_email', 'abnormal_url', 'redirect', 'on_mouseover', 'rightclick', 'popupwidnow', 'iframe', 'age_of_domain', 'dnsrecord', 'web_traffic', 'page_rank', 'google_index', 'links_pointing_to_page', 'statistical_report', 'result']
[ 2026-02-10 22:21:35,648 ] 67 root - INFO - Numerical columns in dataframe: ['having_ip_address', 'url_length', 'shortining_service', 'having_at_symbol', 'double_slash_redirecting', 'prefix_suffix', 'having_sub_domain', 'sslfinal_state', 'domain_registeration_length', 'favicon', 'port', 'https_token', 'request_url', 'url_of_anchor', 'links_in_tags', 'sfh', 'submitting_to_email', 'abnormal_url', 'redirect', 'on_mouseover', 'rightclick', 'popupwidnow', 'iframe', 'age_of_domain', 'dnsrecord', 'web_traffic', 'page_rank', 'google_index', 'links_pointing_to_page', 'statistical_report', 'result']
[ 2026-02-10 22:21:35,648 ] 66 root - INFO - Numerical columns in schema: ['having_ip_address', 'url_length', 'shortining_service', 'having_at_symbol', 'double_slash_redirecting', 'prefix_suffix', 'having_sub_domain', 'sslfinal_state', 'domain_registeration_length', 'favicon', 'port', 'https_token', 'request_url', 'url_of_anchor', 'links_in_tags', 'sfh', 'submitting_to_email', 'abnormal_url', 'redirect', 'on_mouseover', 'rightclick', 'popupwidnow', 'iframe', 'age_of_domain', 'dnsrecord', 'web_traffic', 'page_rank', 'google_index', 'links_pointing_to_page', 'statistical_report', 'result']
[ 2026-02-10 22:21:35,648 ] 67 root - INFO - Numerical columns in dataframe: ['having_ip_address', 'url_length', 'shortining_service', 'having_at_symbol', 'double_slash_redirecting', 'prefix_suffix', 'having_sub_domain', 'sslfinal_state', 'domain_registeration_length', 'favicon', 'port', 'https_token', 'request_url', 'url_of_anchor', 'links_in_tags', 'sfh', 'submitting_to_email', 'abnormal_url', 'redirect', 'on_mouseover', 'rightclick', 'popupwidnow', 'iframe', 'age_of_domain', 'dnsrecord', 'web_traffic', 'page_rank', 'google_index', 'links_pointing_to_page', 'statistical_report', 'result']
[ 2026-02-10 22:21:35,963 ] 39 root - INFO - Data Validation Completed
[ 2026-02-10 22:21:35,964 ] 59 root - INFO - Entered initiate_data_transformation method of DataTransformation class
[ 2026-02-10 22:21:35,964 ] 61 root - INFO - starting data transformation
[ 2026-02-10 22:21:36,070 ] 46 root - INFO - Entered get_data_transformer_object method of DataTransformation class
[ 2026-02-10 22:21:36,071 ] 52 root - INFO - Exited get_data_transformer_object method of DataTransformation class
[ 2026-02-10 22:21:36,105 ] 64 root - INFO - Saving object file: Artifacts\02_10_2026_22_19_16\data_transformation\transformed_object\preprocessing.pkl
[ 2026-02-10 22:21:36,114 ] 69 root - INFO - Exited save_object function of utils
[ 2026-02-10 22:21:36,114 ] 64 root - INFO - Saving object file: final_models/preprocessor.pkl
[ 2026-02-10 22:21:36,123 ] 69 root - INFO - Exited save_object function of utils
[ 2026-02-10 22:24:39,233 ] 64 root - INFO - Saving object file: Artifacts\02_10_2026_22_19_16\model_trainer\trained_model\model.pkl
[ 2026-02-10 22:24:39,258 ] 69 root - INFO - Exited save_object function of utils
[ 2026-02-10 22:24:39,259 ] 64 root - INFO - Saving object file: final_models/model.pkl
[ 2026-02-10 22:24:39,274 ] 69 root - INFO - Exited save_object function of utils
[ 2026-02-10 22:24:39,274 ] 113 root - INFO - Model trainer artifact: ModelTrainerArtifact(trained_model_file_path='Artifacts\\02_10_2026_22_19_16\\model_trainer\\trained_model\\model.pkl', train_metric_artifact=ClassificationMetricArtifact(f1_score=0.9911317141993349, precision_score=0.9870533922119631, recall_score=0.995243877757539), test_metric_artifact=ClassificationMetricArtifact(f1_score=0.9857142857142858, precision_score=0.9785251215559158, recall_score=0.9930098684210527))
