[ 2026-02-07 21:33:57,828 ] 1025 httpx - INFO - HTTP Request: GET https://dagshub.com/api/v1/user "HTTP/1.1 200 OK"
[ 2026-02-07 21:33:57,839 ] 107 dagshub - INFO - Accessing as saksham-s18
[ 2026-02-07 21:33:58,918 ] 1025 httpx - INFO - HTTP Request: GET https://dagshub.com/api/v1/repos/saksham-s18/Network-Security-MlOps "HTTP/1.1 200 OK"
[ 2026-02-07 21:34:00,029 ] 1025 httpx - INFO - HTTP Request: GET https://dagshub.com/api/v1/user "HTTP/1.1 200 OK"
[ 2026-02-07 21:34:00,038 ] 107 dagshub - INFO - Initialized MLflow to track repo "saksham-s18/Network-Security-MlOps"
[ 2026-02-07 21:34:00,071 ] 107 dagshub - INFO - Repository saksham-s18/Network-Security-MlOps initialized!
[ 2026-02-07 21:34:00,071 ] 15 root - INFO - Starting Data Ingestion
[ 2026-02-07 21:34:11,181 ] 64 root - INFO - Performed train test split
[ 2026-02-07 21:34:11,182 ] 65 root - INFO - Train set length:17688
[ 2026-02-07 21:34:11,182 ] 66 root - INFO - Test set length:4422
[ 2026-02-07 21:34:11,182 ] 67 root - INFO - Exited split_data_as_train_test method of Data Ingestion class
[ 2026-02-07 21:34:11,500 ] 74 root - INFO - Exported train and test file at Artifacts\02_07_2026_21_33_45\data_ingestion\ingested\train.csv and Artifacts\02_07_2026_21_33_45\data_ingestion\ingested\test.csv
[ 2026-02-07 21:34:11,503 ] 17 root - INFO - Data Ingestion Completed
[ 2026-02-07 21:34:11,538 ] 22 root - INFO - Starting Data Validation
[ 2026-02-07 21:34:11,538 ] 108 root - INFO - Starting data validation
[ 2026-02-07 21:34:11,715 ] 38 root - INFO - Schema columns count: 31
[ 2026-02-07 21:34:11,716 ] 39 root - INFO - Dataframe columns count: 31
[ 2026-02-07 21:34:11,716 ] 38 root - INFO - Schema columns count: 31
[ 2026-02-07 21:34:11,716 ] 39 root - INFO - Dataframe columns count: 31
[ 2026-02-07 21:34:11,724 ] 66 root - INFO - Numerical columns in schema: ['having_ip_address', 'url_length', 'shortining_service', 'having_at_symbol', 'double_slash_redirecting', 'prefix_suffix', 'having_sub_domain', 'sslfinal_state', 'domain_registeration_length', 'favicon', 'port', 'https_token', 'request_url', 'url_of_anchor', 'links_in_tags', 'sfh', 'submitting_to_email', 'abnormal_url', 'redirect', 'on_mouseover', 'rightclick', 'popupwidnow', 'iframe', 'age_of_domain', 'dnsrecord', 'web_traffic', 'page_rank', 'google_index', 'links_pointing_to_page', 'statistical_report', 'result']
[ 2026-02-07 21:34:11,724 ] 67 root - INFO - Numerical columns in dataframe: ['having_ip_address', 'url_length', 'shortining_service', 'having_at_symbol', 'double_slash_redirecting', 'prefix_suffix', 'having_sub_domain', 'sslfinal_state', 'domain_registeration_length', 'favicon', 'port', 'https_token', 'request_url', 'url_of_anchor', 'links_in_tags', 'sfh', 'submitting_to_email', 'abnormal_url', 'redirect', 'on_mouseover', 'rightclick', 'popupwidnow', 'iframe', 'age_of_domain', 'dnsrecord', 'web_traffic', 'page_rank', 'google_index', 'links_pointing_to_page', 'statistical_report', 'result']
[ 2026-02-07 21:34:11,727 ] 66 root - INFO - Numerical columns in schema: ['having_ip_address', 'url_length', 'shortining_service', 'having_at_symbol', 'double_slash_redirecting', 'prefix_suffix', 'having_sub_domain', 'sslfinal_state', 'domain_registeration_length', 'favicon', 'port', 'https_token', 'request_url', 'url_of_anchor', 'links_in_tags', 'sfh', 'submitting_to_email', 'abnormal_url', 'redirect', 'on_mouseover', 'rightclick', 'popupwidnow', 'iframe', 'age_of_domain', 'dnsrecord', 'web_traffic', 'page_rank', 'google_index', 'links_pointing_to_page', 'statistical_report', 'result']
[ 2026-02-07 21:34:11,727 ] 67 root - INFO - Numerical columns in dataframe: ['having_ip_address', 'url_length', 'shortining_service', 'having_at_symbol', 'double_slash_redirecting', 'prefix_suffix', 'having_sub_domain', 'sslfinal_state', 'domain_registeration_length', 'favicon', 'port', 'https_token', 'request_url', 'url_of_anchor', 'links_in_tags', 'sfh', 'submitting_to_email', 'abnormal_url', 'redirect', 'on_mouseover', 'rightclick', 'popupwidnow', 'iframe', 'age_of_domain', 'dnsrecord', 'web_traffic', 'page_rank', 'google_index', 'links_pointing_to_page', 'statistical_report', 'result']
[ 2026-02-07 21:34:12,220 ] 24 root - INFO - Data Validation Completed
[ 2026-02-07 21:34:12,221 ] 28 root - INFO - Starting Data Transformation
[ 2026-02-07 21:34:12,221 ] 59 root - INFO - Entered initiate_data_transformation method of DataTransformation class
[ 2026-02-07 21:34:12,222 ] 61 root - INFO - starting data transformation
[ 2026-02-07 21:34:12,320 ] 46 root - INFO - Entered get_data_transformer_object method of DataTransformation class
[ 2026-02-07 21:34:12,320 ] 52 root - INFO - Exited get_data_transformer_object method of DataTransformation class
[ 2026-02-07 21:34:12,362 ] 64 root - INFO - Saving object file: Artifacts\02_07_2026_21_33_45\data_transformation\transformed_object\preprocessing.pkl
[ 2026-02-07 21:34:12,375 ] 69 root - INFO - Exited save_object function of utils
[ 2026-02-07 21:34:12,376 ] 64 root - INFO - Saving object file: final_models/preprocessor.pkl
[ 2026-02-07 21:34:12,386 ] 69 root - INFO - Exited save_object function of utils
[ 2026-02-07 21:34:12,389 ] 31 root - INFO - Data Transformation Completed
[ 2026-02-07 21:34:12,389 ] 34 root - INFO - Starting Model Trainer
[ 2026-02-07 21:36:59,381 ] 64 root - INFO - Saving object file: Artifacts\02_07_2026_21_33_45\model_trainer\trained_model\model.pkl
[ 2026-02-07 21:36:59,512 ] 69 root - INFO - Exited save_object function of utils
[ 2026-02-07 21:36:59,512 ] 64 root - INFO - Saving object file: final_models/model.pkl
[ 2026-02-07 21:36:59,606 ] 69 root - INFO - Exited save_object function of utils
[ 2026-02-07 21:36:59,607 ] 113 root - INFO - Model trainer artifact: ModelTrainerArtifact(trained_model_file_path='Artifacts\\02_07_2026_21_33_45\\model_trainer\\trained_model\\model.pkl', train_metric_artifact=ClassificationMetricArtifact(f1_score=0.9911317141993349, precision_score=0.9870533922119631, recall_score=0.995243877757539), test_metric_artifact=ClassificationMetricArtifact(f1_score=0.985702614379085, precision_score=0.979301948051948, recall_score=0.9921875))
